<?xml version="1.0" encoding="UTF-8"?>
<!-- Generated by org.testng.reporters.JUnitReportReporter -->
<testsuite skipped="1" hostname="DESKTOP-94HMJT1" name="org.renuka.test.OpenCartTests" tests="5" failures="0" timestamp="24 Jul 2018 17:32:43 GMT" time="2.078" errors="0">
  <testcase name="verifyUserCanAddproductToCartUsingMenuBar" time="0.001" classname="org.renuka.test.OpenCartTests"/>
  <testcase name="verifyUserCanAddproductToCartUsingMenuBar" time="0.004" classname="org.renuka.test.OpenCartTests"/>
  <testcase name="verifyUserCanAddproductToCartUsingMenuBar" time="2.069" classname="org.renuka.test.OpenCartTests"/>
  <testcase name="verifyUserCanAddproductToCartUsingMenuBar" time="0.004" classname="org.renuka.test.OpenCartTests"/>
  <testcase name="verifyUserCanAddToCartOneOrMoreProductUsingSearch" classname="org.renuka.test.OpenCartTests">
    <skipped/>
  </testcase> <!-- verifyUserCanAddToCartOneOrMoreProductUsingSearch -->
</testsuite> <!-- org.renuka.test.OpenCartTests -->
