<?xml version="1.0" encoding="UTF-8"?>
<!-- Generated by org.testng.reporters.JUnitReportReporter -->
<testsuite skipped="0" hostname="DESKTOP-94HMJT1" name="org.renuka.test.RunnerClass" tests="1" failures="0" timestamp="19 Jul 2018 16:47:45 GMT" time="2.927" errors="0">
  <testcase name="verifyUserCanAddToCartOneOrMoreProductUsingSearch" time="2.927" classname="org.renuka.test.RunnerClass"/>
</testsuite> <!-- org.renuka.test.RunnerClass -->
